<?xml version="1.0" encoding="UTF-8"?>
<!-- Generated by org.testng.reporters.JUnitReportReporter -->
<testsuite skipped="0" hostname="DESKTOP-81VIBMU" name="testhomepage.TestAmazonHomepage" tests="11" failures="0" timestamp="16 Sep 2017 17:34:58 GMT" time="52.435" errors="0">
  <testcase name="testSearchUP" time="2.073" classname="testhomepage.TestAmazonHomepage"/>
  <testcase name="TestClick" time="3.649" classname="testhomepage.TestAmazonHomepage"/>
  <testcase name="testSearchDropdownBox" time="5.367" classname="testhomepage.TestAmazonHomepage"/>
  <testcase name="testprintSearchDropdownOptions" time="1.669" classname="testhomepage.TestAmazonHomepage"/>
  <testcase name="testSearchDropdownBoxWithSelect" time="2.536" classname="testhomepage.TestAmazonHomepage"/>
  <testcase name="testSearchFor" time="7.770" classname="testhomepage.TestAmazonHomepage"/>
  <testcase name="testClickOnGiftcard" time="5.876" classname="testhomepage.TestAmazonHomepage"/>
  <testcase name="testClickOnShoppingCart" time="5.677" classname="testhomepage.TestAmazonHomepage"/>
  <testcase name="testclickOnAmazonSell" time="6.159" classname="testhomepage.TestAmazonHomepage"/>
  <testcase name="testclickOnorder" time="5.866" classname="testhomepage.TestAmazonHomepage"/>
  <testcase name="testSignInAmazon" time="5.793" classname="testhomepage.TestAmazonHomepage"/>
</testsuite> <!-- testhomepage.TestAmazonHomepage -->
